<?xml version="1.0" encoding="UTF-8"?>
<testng-results ignored="0" total="1" passed="1" failed="0" skipped="0">
  <reporter-output>
  </reporter-output>
  <suite started-at="2023-01-29T11:03:31 IST" name="Default suite" finished-at="2023-01-29T11:03:31 IST" duration-ms="117">
    <groups>
    </groups>
    <test started-at="2023-01-29T11:03:31 IST" name="Default test" finished-at="2023-01-29T11:03:31 IST" duration-ms="117">
      <class name="Practice.QspCartTest">
        <test-method signature="addToCart()[pri:0, instance:Practice.QspCartTest@2beee7ff]" started-at="2023-01-29T11:03:31 IST" name="addToCart" finished-at="2023-01-29T11:03:31 IST" duration-ms="24" status="PASS">
          <reporter-output>
          </reporter-output>
        </test-method> <!-- addToCart -->
      </class> <!-- Practice.QspCartTest -->
    </test> <!-- Default test -->
  </suite> <!-- Default suite -->
</testng-results>
