<?xml version="1.0" encoding="UTF-8"?>
<testng-results ignored="0" total="2" passed="2" failed="0" skipped="0">
  <reporter-output>
  </reporter-output>
  <suite started-at="2023-01-29T13:00:28 IST" name="Default suite" finished-at="2023-01-29T13:00:28 IST" duration-ms="127">
    <groups>
    </groups>
    <test started-at="2023-01-29T13:00:28 IST" name="Default test" finished-at="2023-01-29T13:00:28 IST" duration-ms="127">
      <class name="Practice.NameTest">
        <test-method signature="PrintName()[pri:0, instance:Practice.NameTest@5136d012]" started-at="2023-01-29T13:00:28 IST" name="PrintName" finished-at="2023-01-29T13:00:28 IST" duration-ms="21" status="PASS">
          <reporter-output>
          </reporter-output>
        </test-method> <!-- PrintName -->
        <test-method signature="deletTheProductsInCart()[pri:0, instance:Practice.NameTest@5136d012]" started-at="2023-01-29T13:00:28 IST" name="deletTheProductsInCart" finished-at="2023-01-29T13:00:28 IST" duration-ms="9" status="PASS">
          <reporter-output>
          </reporter-output>
        </test-method> <!-- deletTheProductsInCart -->
      </class> <!-- Practice.NameTest -->
    </test> <!-- Default test -->
  </suite> <!-- Default suite -->
</testng-results>
